<?xml version="1.0" encoding="UTF-8"?>
<!-- Generated by org.testng.reporters.JUnitReportReporter -->
<testsuite hostname="L-INE-DP17XR2" failures="0" tests="1" name="com.runner.Orange" time="10.045" errors="0" timestamp="2023-09-29T12:29:51 IST" skipped="0">
  <testcase classname="com.runner.Orange" name="f" time="10.045"/>
</testsuite> <!-- com.runner.Orange -->
